ERROR: [2025-06-03 14:54:07,790] - S3:29 - Error in download file on S3. bucket_path: sssss.txt , local_path: src\my_secret.txt
Traceback (most recent call last):
  File "d:\pythonProject\FAST_API\example\src\S3.py", line 23, in download_file
    self.client.download_file(self.bucket_name, bucket_path_to_file, local_path_to_file)
  File "d:\pythonProject\FAST_API\example\.venv\Lib\site-packages\botocore\context.py", line 123, in wrapper
    return func(*args, **kwargs)
           ^^^^^^^^^^^^^^^^^^^^^
  File "d:\pythonProject\FAST_API\example\.venv\Lib\site-packages\boto3\s3\inject.py", line 223, in download_file
    return transfer.download_file(
           ^^^^^^^^^^^^^^^^^^^^^^^
  File "d:\pythonProject\FAST_API\example\.venv\Lib\site-packages\boto3\s3\transfer.py", line 406, in download_file
    future.result()
  File "d:\pythonProject\FAST_API\example\.venv\Lib\site-packages\s3transfer\futures.py", line 111, in result
    return self._coordinator.result()
           ^^^^^^^^^^^^^^^^^^^^^^^^^^
  File "d:\pythonProject\FAST_API\example\.venv\Lib\site-packages\s3transfer\futures.py", line 287, in result
    raise self._exception
  File "d:\pythonProject\FAST_API\example\.venv\Lib\site-packages\s3transfer\tasks.py", line 272, in _main
    self._submit(transfer_future=transfer_future, **kwargs)
  File "d:\pythonProject\FAST_API\example\.venv\Lib\site-packages\s3transfer\download.py", line 355, in _submit
    response = client.head_object(
               ^^^^^^^^^^^^^^^^^^^
  File "d:\pythonProject\FAST_API\example\.venv\Lib\site-packages\botocore\client.py", line 598, in _api_call
    return self._make_api_call(operation_name, kwargs)
           ^^^^^^^^^^^^^^^^^^^^^^^^^^^^^^^^^^^^^^^^^^^
  File "d:\pythonProject\FAST_API\example\.venv\Lib\site-packages\botocore\context.py", line 123, in wrapper
    return func(*args, **kwargs)
           ^^^^^^^^^^^^^^^^^^^^^
  File "d:\pythonProject\FAST_API\example\.venv\Lib\site-packages\botocore\client.py", line 1061, in _make_api_call
    raise error_class(parsed_response, operation_name)
botocore.exceptions.ClientError: An error occurred (404) when calling the HeadObject operation: Not Found
INFO: [2025-06-03 14:54:07,862] - main:21 - Starting API...
INFO: [2025-06-03 15:00:36,587] - main:23 - Shutdown API...
ERROR: [2025-06-03 15:00:41,051] - S3:26 - Error in download file on S3. bucket_path: sssss.txt , local_path: ssss\my_secret.txt
Traceback (most recent call last):
  File "d:\pythonProject\FAST_API\example\src\S3.py", line 23, in download_file
    self.client.download_file(self.bucket_name, bucket_path_to_file, local_path_to_file)
  File "d:\pythonProject\FAST_API\example\.venv\Lib\site-packages\botocore\context.py", line 123, in wrapper
    return func(*args, **kwargs)
           ^^^^^^^^^^^^^^^^^^^^^
  File "d:\pythonProject\FAST_API\example\.venv\Lib\site-packages\boto3\s3\inject.py", line 223, in download_file
    return transfer.download_file(
           ^^^^^^^^^^^^^^^^^^^^^^^
  File "d:\pythonProject\FAST_API\example\.venv\Lib\site-packages\boto3\s3\transfer.py", line 406, in download_file
    future.result()
  File "d:\pythonProject\FAST_API\example\.venv\Lib\site-packages\s3transfer\futures.py", line 111, in result
    return self._coordinator.result()
           ^^^^^^^^^^^^^^^^^^^^^^^^^^
  File "d:\pythonProject\FAST_API\example\.venv\Lib\site-packages\s3transfer\futures.py", line 287, in result
    raise self._exception
  File "d:\pythonProject\FAST_API\example\.venv\Lib\site-packages\s3transfer\tasks.py", line 272, in _main
    self._submit(transfer_future=transfer_future, **kwargs)
  File "d:\pythonProject\FAST_API\example\.venv\Lib\site-packages\s3transfer\download.py", line 355, in _submit
    response = client.head_object(
               ^^^^^^^^^^^^^^^^^^^
  File "d:\pythonProject\FAST_API\example\.venv\Lib\site-packages\botocore\client.py", line 598, in _api_call
    return self._make_api_call(operation_name, kwargs)
           ^^^^^^^^^^^^^^^^^^^^^^^^^^^^^^^^^^^^^^^^^^^
  File "d:\pythonProject\FAST_API\example\.venv\Lib\site-packages\botocore\context.py", line 123, in wrapper
    return func(*args, **kwargs)
           ^^^^^^^^^^^^^^^^^^^^^
  File "d:\pythonProject\FAST_API\example\.venv\Lib\site-packages\botocore\client.py", line 1061, in _make_api_call
    raise error_class(parsed_response, operation_name)
botocore.exceptions.ClientError: An error occurred (404) when calling the HeadObject operation: Not Found
INFO: [2025-06-03 15:00:41,127] - main:21 - Starting API...
INFO: [2025-06-03 15:01:10,183] - main:23 - Shutdown API...
INFO: [2025-06-03 15:25:01,154] - S3:47 - Success download file bucket_path: requirements.txt , local_path: my_secret.txt
INFO: [2025-06-03 15:25:01,206] - main:24 - Starting API...
INFO: [2025-06-03 15:47:05,192] - main:26 - Shutdown API...
ERROR: [2025-06-03 15:47:30,966] - base_events:1785 - Unclosed client session
client_session: <aiohttp.client.ClientSession object at 0x000002130EE105D0>
ERROR: [2025-06-03 15:47:30,967] - base_events:1785 - Unclosed connector
connections: ['deque([(<aiohttp.client_proto.ResponseHandler object at 0x000002130EF30980>, 364537.687)])']
connector: <aiohttp.connector.TCPConnector object at 0x000002130DED8A90>
INFO: [2025-06-03 15:48:54,860] - S3:47 - Success download file bucket_path: requirements.txt , local_path: ssss.txt
INFO: [2025-06-03 15:48:54,899] - main:25 - Starting API...
INFO: [2025-06-03 15:56:38,959] - main:27 - Shutdown API...
ERROR: [2025-06-03 15:56:44,268] - S3:63 - Error uploading file to S3. Local path: test.txt , s3 path: test_s3.txt
Traceback (most recent call last):
  File "d:\pythonProject\FAST_API\example\src\S3.py", line 61, in upload_file
    await self.s3_client.upload_file(str(local_path), self.bucket_name, s3_path)
  File "d:\pythonProject\FAST_API\example\.venv\Lib\site-packages\aioboto3\s3\inject.py", line 588, in upload_file
    await upload_fileobj(
  File "d:\pythonProject\FAST_API\example\.venv\Lib\site-packages\aioboto3\s3\inject.py", line 374, in upload_fileobj
    await self.put_object(
  File "d:\pythonProject\FAST_API\example\.venv\Lib\site-packages\aiobotocore\client.py", line 412, in _make_api_call
    raise error_class(parsed_response, operation_name)
botocore.exceptions.ClientError: An error occurred (XAmzContentSHA256Mismatch) when calling the PutObject operation: None
INFO: [2025-06-03 15:56:44,312] - main:25 - Starting API...
INFO: [2025-06-03 15:59:07,472] - main:27 - Shutdown API...
INFO: [2025-06-03 15:59:12,761] - S3:70 - Successfully uploaded file to s3. Local path: test.txt , s3 path: test_s3.txt
INFO: [2025-06-03 15:59:12,805] - main:25 - Starting API...
INFO: [2025-06-03 16:01:23,691] - main:27 - Shutdown API...
INFO: [2025-06-03 16:01:28,944] - S3:87 - Successfully deleted file from S3. Path in bucket: test_s3.txt
INFO: [2025-06-03 16:01:28,987] - main:25 - Starting API...
INFO: [2025-06-03 16:05:41,661] - main:27 - Shutdown API...
INFO: [2025-06-03 16:05:46,702] - S3:63 - None
INFO: [2025-06-03 16:05:46,703] - S3:71 - Successfully uploaded file to s3. Local path: requirements.txt , s3 path: SSS.txt
INFO: [2025-06-03 16:05:46,745] - main:24 - Starting API...
INFO: [2025-06-03 16:11:07,916] - main:26 - Shutdown API...
INFO: [2025-06-03 16:11:13,467] - S3:73 - https://s3.ru1.storage.beget.cloud/img.jpg
INFO: [2025-06-03 16:11:13,468] - S3:74 - Successfully uploaded file to s3. Local path: img.jpg , s3 path: img.jpg
INFO: [2025-06-03 16:11:13,510] - main:24 - Starting API...
INFO: [2025-06-03 16:12:17,962] - main:26 - Shutdown API...
ERROR: [2025-06-03 16:12:33,057] - S3:65 - Error uploading file to S3. Local path: img.jpg , s3 path: img.jpg
Traceback (most recent call last):
  File "d:\pythonProject\FAST_API\example\src\S3.py", line 63, in upload_file
    await self.s3_client.upload_file(str(local_path), self.bucket_name, s3_path)
  File "d:\pythonProject\FAST_API\example\.venv\Lib\site-packages\aioboto3\s3\inject.py", line 588, in upload_file
    await upload_fileobj(
  File "d:\pythonProject\FAST_API\example\.venv\Lib\site-packages\aioboto3\s3\inject.py", line 374, in upload_fileobj
    await self.put_object(
  File "d:\pythonProject\FAST_API\example\.venv\Lib\site-packages\aiobotocore\client.py", line 412, in _make_api_call
    raise error_class(parsed_response, operation_name)
botocore.exceptions.ClientError: An error occurred (SignatureDoesNotMatch) when calling the PutObject operation: None
INFO: [2025-06-03 16:12:33,061] - main:24 - Starting API...
ERROR: [2025-06-03 16:12:51,996] - base_events:1785 - Future exception was never retrieved
future: <Future finished exception=ConnectionError('Connection lost')>
aiohttp.client_exceptions.ClientOSError: [WinError 64] Óęŕçŕííîĺ ńĺňĺâîĺ čě˙ áîëĺĺ íĺäîńňóďíî

The above exception was the direct cause of the following exception:

ConnectionError: Connection lost
INFO: [2025-06-03 16:13:23,219] - main:26 - Shutdown API...
INFO: [2025-06-03 16:13:35,626] - S3:73 - https://s3.ru1.storage.beget.cloud/img.jpg
INFO: [2025-06-03 16:13:35,626] - S3:74 - Successfully uploaded file to s3. Local path: img.jpg , s3 path: img.jpg
INFO: [2025-06-03 16:13:35,666] - main:24 - Starting API...
INFO: [2025-06-03 16:17:16,717] - S3:74 - https://s3.ru1.storage.beget.cloud/6b386747616e-collection/img.jpg
INFO: [2025-06-03 16:17:16,718] - S3:75 - Successfully uploaded file to s3. Local path: img.jpg , s3 path: img.jpg
INFO: [2025-06-03 16:17:16,757] - main:24 - Starting API...
INFO: [2025-06-03 16:41:25,971] - main:26 - Shutdown API...
INFO: [2025-06-11 10:38:47,960] - main:17 - Starting API...
INFO: [2025-06-11 11:10:33,720] - main:19 - Starting API...
INFO: [2025-06-11 11:10:56,407] - main:21 - Shutdown API...
INFO: [2025-06-11 11:18:28,112] - main:19 - Starting API...
INFO: [2025-06-11 11:24:11,134] - main:21 - Shutdown API...
INFO: [2025-06-11 11:24:13,725] - main:19 - Starting API...
INFO: [2025-06-11 11:31:46,803] - main:21 - Shutdown API...
INFO: [2025-06-11 11:31:49,752] - main:19 - Starting API...
INFO: [2025-06-11 11:34:05,602] - main:21 - Shutdown API...
INFO: [2025-06-11 11:34:08,339] - main:19 - Starting API...
INFO: [2025-06-11 12:21:37,092] - main:20 - Starting API...
INFO: [2025-06-11 12:22:11,448] - main:22 - Shutdown API...
INFO: [2025-06-11 12:25:17,053] - main:20 - Starting API...
INFO: [2025-06-11 12:38:15,536] - main:20 - Starting API...
INFO: [2025-06-11 12:38:20,686] - middleware:17 - {'url': '/', 'method': 'GET', 'process_time': 0.0009992122650146484}
INFO: [2025-06-11 12:38:20,749] - middleware:17 - {'url': '/favicon.ico', 'method': 'GET', 'process_time': 0.0}
INFO: [2025-06-11 12:38:25,101] - middleware:17 - {'url': '/', 'method': 'GET', 'process_time': 0.0}
INFO: [2025-06-11 12:38:25,145] - middleware:17 - {'url': '/favicon.ico', 'method': 'GET', 'process_time': 0.0}
INFO: [2025-06-11 12:38:29,447] - middleware:17 - {'url': '/docs', 'method': 'GET', 'process_time': 0.0}
INFO: [2025-06-11 12:38:30,239] - middleware:17 - {'url': '/openapi.json', 'method': 'GET', 'process_time': 0.024999618530273438}
INFO: [2025-08-14 20:08:45,594] - main:22 - Starting API...
INFO: [2025-08-14 20:08:49,938] - middleware:17 - {'url': '/', 'method': 'GET', 'process_time': 0.0020012855529785156}
INFO: [2025-08-14 20:08:49,996] - middleware:17 - {'url': '/favicon.ico', 'method': 'GET', 'process_time': 0.0009999275207519531}
INFO: [2025-08-14 20:08:54,526] - main:24 - Shutdown API...
